2021-06-15 08:08:23.962  INFO 15464 --- [main] c.ezequiel.adresses.AdressesApplication  : Starting AdressesApplication using Java 1.8.0_201-1-ojdkbuild on LAPTOP-RSGLUIAP with PID 15464 (D:\Estudos\Spring\Treinamento Ezequiel\adresses\target\classes started by paulo in D:\Estudos\Spring\Treinamento Ezequiel\adresses)
2021-06-15 08:08:23.972  INFO 15464 --- [main] c.ezequiel.adresses.AdressesApplication  : No active profile set, falling back to default profiles: default
2021-06-15 08:08:24.949  INFO 15464 --- [main] .s.d.r.c.RepositoryConfigurationDelegate : Bootstrapping Spring Data JPA repositories in DEFAULT mode.
2021-06-15 08:08:25.025  INFO 15464 --- [main] .s.d.r.c.RepositoryConfigurationDelegate : Finished Spring Data repository scanning in 62 ms. Found 1 JPA repository interfaces.
2021-06-15 08:08:25.967  INFO 15464 --- [main] o.s.b.w.embedded.tomcat.TomcatWebServer  : Tomcat initialized with port(s): 8080 (http)
2021-06-15 08:08:25.980  INFO 15464 --- [main] o.apache.catalina.core.StandardService   : Starting service [Tomcat]
2021-06-15 08:08:25.980  INFO 15464 --- [main] org.apache.catalina.core.StandardEngine  : Starting Servlet engine: [Apache Tomcat/9.0.46]
2021-06-15 08:08:26.103  INFO 15464 --- [main] o.a.c.c.C.[.[.[/addresses-api]           : Initializing Spring embedded WebApplicationContext
2021-06-15 08:08:26.104  INFO 15464 --- [main] w.s.c.ServletWebServerApplicationContext : Root WebApplicationContext: initialization completed in 2050 ms
2021-06-15 08:08:26.404  INFO 15464 --- [main] o.f.c.internal.license.VersionPrinter    : Flyway Community Edition 7.7.3 by Redgate
2021-06-15 08:08:26.577  INFO 15464 --- [main] o.f.c.i.database.base.DatabaseType       : Database: jdbc:postgresql://localhost:5432/addresses (PostgreSQL 12.3)
2021-06-15 08:08:26.672  INFO 15464 --- [main] o.f.core.internal.command.DbValidate     : Successfully validated 1 migration (execution time 00:00.044s)
2021-06-15 08:08:26.681  INFO 15464 --- [main] o.f.core.internal.command.DbMigrate      : Current version of schema "public": 1.0.0.1
2021-06-15 08:08:26.682  INFO 15464 --- [main] o.f.core.internal.command.DbMigrate      : Schema "public" is up to date. No migration necessary.
2021-06-15 08:08:26.704  INFO 15464 --- [main] com.zaxxer.hikari.HikariDataSource       : HikariPool-1 - Starting...
2021-06-15 08:08:26.751  INFO 15464 --- [main] com.zaxxer.hikari.HikariDataSource       : HikariPool-1 - Start completed.
2021-06-15 08:08:26.863  INFO 15464 --- [main] o.hibernate.jpa.internal.util.LogHelper  : HHH000204: Processing PersistenceUnitInfo [name: default]
2021-06-15 08:08:26.943  INFO 15464 --- [main] org.hibernate.Version                    : HHH000412: Hibernate ORM core version 5.4.32.Final
2021-06-15 08:08:27.248  INFO 15464 --- [main] o.hibernate.annotations.common.Version   : HCANN000001: Hibernate Commons Annotations {5.1.2.Final}
2021-06-15 08:08:27.406  INFO 15464 --- [main] org.hibernate.dialect.Dialect            : HHH000400: Using dialect: org.hibernate.dialect.PostgreSQL9Dialect
2021-06-15 08:08:28.061  INFO 15464 --- [main] o.h.e.t.j.p.i.JtaPlatformInitiator       : HHH000490: Using JtaPlatform implementation: [org.hibernate.engine.transaction.jta.platform.internal.NoJtaPlatform]
2021-06-15 08:08:28.072  INFO 15464 --- [main] j.LocalContainerEntityManagerFactoryBean : Initialized JPA EntityManagerFactory for persistence unit 'default'
2021-06-15 08:08:28.862  WARN 15464 --- [main] JpaBaseConfiguration$JpaWebConfiguration : spring.jpa.open-in-view is enabled by default. Therefore, database queries may be performed during view rendering. Explicitly configure spring.jpa.open-in-view to disable this warning
2021-06-15 08:08:29.771  INFO 15464 --- [main] o.s.b.w.embedded.tomcat.TomcatWebServer  : Tomcat started on port(s): 8080 (http) with context path '/addresses-api'
2021-06-15 08:08:29.783  INFO 15464 --- [main] c.ezequiel.adresses.AdressesApplication  : Started AdressesApplication in 6.679 seconds (JVM running for 7.235)
2021-06-15 08:11:07.551  INFO 3488 --- [main] c.e.addresses.AdressesApplication        : Starting AdressesApplication using Java 1.8.0_201-1-ojdkbuild on LAPTOP-RSGLUIAP with PID 3488 (D:\Estudos\Spring\Treinamento Ezequiel\adresses\target\classes started by paulo in D:\Estudos\Spring\Treinamento Ezequiel\adresses)
2021-06-15 08:11:07.554  INFO 3488 --- [main] c.e.addresses.AdressesApplication        : No active profile set, falling back to default profiles: default
2021-06-15 08:11:08.525  INFO 3488 --- [main] .s.d.r.c.RepositoryConfigurationDelegate : Bootstrapping Spring Data JPA repositories in DEFAULT mode.
2021-06-15 08:11:08.593  INFO 3488 --- [main] .s.d.r.c.RepositoryConfigurationDelegate : Finished Spring Data repository scanning in 57 ms. Found 1 JPA repository interfaces.
2021-06-15 08:11:09.468  INFO 3488 --- [main] o.s.b.w.embedded.tomcat.TomcatWebServer  : Tomcat initialized with port(s): 8080 (http)
2021-06-15 08:11:09.481  INFO 3488 --- [main] o.apache.catalina.core.StandardService   : Starting service [Tomcat]
2021-06-15 08:11:09.481  INFO 3488 --- [main] org.apache.catalina.core.StandardEngine  : Starting Servlet engine: [Apache Tomcat/9.0.46]
2021-06-15 08:11:09.574  INFO 3488 --- [main] o.a.c.c.C.[.[.[/addresses-api]           : Initializing Spring embedded WebApplicationContext
2021-06-15 08:11:09.574  INFO 3488 --- [main] w.s.c.ServletWebServerApplicationContext : Root WebApplicationContext: initialization completed in 1933 ms
2021-06-15 08:11:09.859  INFO 3488 --- [main] o.f.c.internal.license.VersionPrinter    : Flyway Community Edition 7.7.3 by Redgate
2021-06-15 08:11:09.991  INFO 3488 --- [main] o.f.c.i.database.base.DatabaseType       : Database: jdbc:postgresql://localhost:5432/addresses (PostgreSQL 12.3)
2021-06-15 08:11:10.032  INFO 3488 --- [main] o.f.core.internal.command.DbValidate     : Successfully validated 1 migration (execution time 00:00.020s)
2021-06-15 08:11:10.039  INFO 3488 --- [main] o.f.core.internal.command.DbMigrate      : Current version of schema "public": 1.0.0.1
2021-06-15 08:11:10.039  INFO 3488 --- [main] o.f.core.internal.command.DbMigrate      : Schema "public" is up to date. No migration necessary.
2021-06-15 08:11:10.054  INFO 3488 --- [main] com.zaxxer.hikari.HikariDataSource       : HikariPool-1 - Starting...
2021-06-15 08:11:10.097  INFO 3488 --- [main] com.zaxxer.hikari.HikariDataSource       : HikariPool-1 - Start completed.
2021-06-15 08:11:10.188  INFO 3488 --- [main] o.hibernate.jpa.internal.util.LogHelper  : HHH000204: Processing PersistenceUnitInfo [name: default]
2021-06-15 08:11:10.262  INFO 3488 --- [main] org.hibernate.Version                    : HHH000412: Hibernate ORM core version 5.4.32.Final
2021-06-15 08:11:10.436  INFO 3488 --- [main] o.hibernate.annotations.common.Version   : HCANN000001: Hibernate Commons Annotations {5.1.2.Final}
2021-06-15 08:11:10.556  INFO 3488 --- [main] org.hibernate.dialect.Dialect            : HHH000400: Using dialect: org.hibernate.dialect.PostgreSQL9Dialect
2021-06-15 08:11:11.125  INFO 3488 --- [main] o.h.e.t.j.p.i.JtaPlatformInitiator       : HHH000490: Using JtaPlatform implementation: [org.hibernate.engine.transaction.jta.platform.internal.NoJtaPlatform]
2021-06-15 08:11:11.134  INFO 3488 --- [main] j.LocalContainerEntityManagerFactoryBean : Initialized JPA EntityManagerFactory for persistence unit 'default'
2021-06-15 08:11:11.767  WARN 3488 --- [main] JpaBaseConfiguration$JpaWebConfiguration : spring.jpa.open-in-view is enabled by default. Therefore, database queries may be performed during view rendering. Explicitly configure spring.jpa.open-in-view to disable this warning
2021-06-15 08:11:12.371  INFO 3488 --- [main] o.s.b.w.embedded.tomcat.TomcatWebServer  : Tomcat started on port(s): 8080 (http) with context path '/addresses-api'
2021-06-15 08:11:12.381  INFO 3488 --- [main] c.e.addresses.AdressesApplication        : Started AdressesApplication in 5.631 seconds (JVM running for 6.075)
